C51 COMPILER V9.60.0.0   FLASH_EEPROM                                                      03/30/2021 13:38:23 PAGE 1   


C51 COMPILER V9.60.0.0, COMPILATION OF MODULE FLASH_EEPROM
OBJECT MODULE PLACED IN .\Output\FLASH_EEPROM.obj
COMPILER INVOKED BY: C:\Keil_v5\C51\BIN\C51.EXE ..\..\Library\StdDriver\src\FLASH_EEPROM.c LARGE OPTIMIZE(8,SPEED) BROWS
                    -E INCDIR(..\..\Library\DeviceDriver;..\..\Library\StdDriver\inc) DEFINE(FOSC_160000) DEBUG OBJECTEXTEND PRINT(.\LST\FLAS
                    -H_EEPROM.lst) TABS(2) OBJECT(.\Output\FLASH_EEPROM.obj)

line level    source

   1          /****************************************************************************************************/    
   2          #include "FLASH_EEPROM.h"
   3          
   4          #include "N76E003.h"
   5          #include "SFR_Macro.h"
   6          #include "Function_define.h"
   7          
   8          volatile unsigned char xdata page_buffer[128];
   9          
  10          //-------------------------------------------------------------------------
  11          unsigned char  read_APROM_BYTE(unsigned int code *u16_addr)
  12          {
  13   1        UINT8 rdata;
  14   1        rdata = *u16_addr>>8;
  15   1        return rdata;
  16   1      }
  17          void write_DATAFLASH_BYTE(unsigned int u16EPAddr,unsigned char u8EPData)
  18          {
  19   1        unsigned char looptmp=0;
  20   1        unsigned int u16_addrl_r;
  21   1        unsigned int RAMtmp;
  22   1        
  23   1      //Check page start address
  24   1        u16_addrl_r = (u16EPAddr/128)*128;
  25   1      //Save APROM data to XRAM0
  26   1        for(looptmp=0;looptmp<0x80;looptmp++)
  27   1        {
  28   2          RAMtmp = (unsigned char)read_APROM_BYTE((unsigned int code *)(u16_addrl_r+looptmp));
  29   2          page_buffer[looptmp]=RAMtmp;
  30   2        }
  31   1      // Modify customer data in XRAM
  32   1        page_buffer[u16EPAddr&0x7f] = u8EPData;
  33   1        
  34   1      //Erase APROM DATAFLASH page
  35   1          IAPAL = u16_addrl_r&0xff;
  36   1          IAPAH = (u16_addrl_r>>8)&0xff;
  37   1          IAPFD = 0xFF;
  38   1          set_IAPEN; 
  39   1          set_APUEN;
  40   1          IAPCN = 0x22;     
  41   1           set_IAPGO; 
  42   1          
  43   1      //Save changed RAM data to APROM DATAFLASH
  44   1          set_IAPEN; 
  45   1          set_APUEN;
  46   1          IAPCN = 0x21;
  47   1          for(looptmp=0;looptmp<0x80;looptmp++)
  48   1          {
  49   2            IAPAL = (u16_addrl_r&0xff)+looptmp;
  50   2            IAPAH = (u16_addrl_r>>8)&0xff;
  51   2            IAPFD = page_buffer[looptmp];
  52   2            set_IAPGO;      
  53   2          }
C51 COMPILER V9.60.0.0   FLASH_EEPROM                                                      03/30/2021 13:38:23 PAGE 2   

  54   1          clr_APUEN;
  55   1          clr_IAPEN;
  56   1      } 


MODULE INFORMATION:   STATIC OVERLAYABLE
   CODE SIZE        =    331    ----
   CONSTANT SIZE    =   ----    ----
   XDATA SIZE       =    128       4
   PDATA SIZE       =   ----    ----
   DATA SIZE        =   ----    ----
   IDATA SIZE       =   ----    ----
   BIT SIZE         =   ----    ----
END OF MODULE INFORMATION.


C51 COMPILATION COMPLETE.  0 WARNING(S),  0 ERROR(S)
