C51 COMPILER V9.60.0.0   INITSYSTEM                                                        12/24/2022 13:41:09 PAGE 1   


C51 COMPILER V9.60.0.0, COMPILATION OF MODULE INITSYSTEM
OBJECT MODULE PLACED IN .\Output\initsystem.obj
COMPILER INVOKED BY: C:\Keil_v5\C51\BIN\C51.EXE Code\initsystem.c LARGE OPTIMIZE(8,SPEED) BROWSE INCDIR(..\Library\Devic
                    -eDriver;..\Library\StdDriver\inc) DEFINE(FOSC_160000) DEBUG OBJECTEXTEND PRINT(.\LST\initsystem.lst) OBJECT(.\Output\ini
                    -tsystem.obj)

line level    source

   1          
   2          #include "initsystem.h"
   3          #include "Function_define.h"
   4          
   5          /*****************************************************************************
   6          * Globals variable
   7          *****************************************************************************/
   8          bit BIT_TMP;
   9          volatile bit bFlagDelay = 0;
  10          volatile unsigned int sys_millis = 0;
  11          volatile unsigned long uCountDelay = 0;
  12          
  13          /*****************************************************************************
  14          * Static functions prototype
  15          *****************************************************************************/
  16          static void GPIO_User_Init(void);
  17          static void InitClock(void);
  18          static void Init_Timer0(void);
  19          
  20          /*****************************************************************************
  21          * Public functions
  22          *****************************************************************************/
  23          void SystemInit(void)
  24          {
  25   1              InitClock();
  26   1              GPIO_User_Init();
  27   1              Init_Timer0();
  28   1              set_EA;                 //Enable golbalInterrupt
  29   1      }
  30          
  31          void delay_ms(unsigned int x)
  32          {
  33   1              static unsigned long uDelay = 0;
  34   1              uDelay = x;
  35   1              bFlagDelay = 1;
  36   1              uCountDelay = 0;
  37   1              while(uCountDelay<=uDelay)
  38   1              {
  39   2                      
  40   2              }
  41   1              bFlagDelay = 0;
  42   1      }
  43          
  44          /*****************************************************************************
  45          * Static functions
  46          *****************************************************************************/
  47          static void InitClock(void)
  48          {
  49   1              /* MCU power on system clock is HIRC (16 MHz) */
  50   1              
  51   1              /*Or you can modify to other HIRC clock*/
  52   1              //MODIFY_HIRC(HIRC_24);
  53   1              
C51 COMPILER V9.60.0.0   INITSYSTEM                                                        12/24/2022 13:41:09 PAGE 2   

  54   1              /*Or you can select other clock source*/
  55   1              /**
  56   1        * @brief This API configures system clock source
  57   1        * @param[in] u8FsysMode . Valid values are:
  58   1        *                       - \ref FSYS_HIRC                :Internal HIRC (16MHz as default).
  59   1        *                       - \ref FSYS_LIRC                :Internal LIRC.
  60   1        *                       - \ref FSYS_OSCIN_P00           :External clock input from P0.0.
  61   1        * @note      None.
  62   1        * @exmaple : FsysSelect(FSYS_LIRC);
  63   1        */
  64   1              //FsysSelect(FSYS_HIRC);
  65   1              //MODIFY_HIRC(HIRC_16);
  66   1      }
  67          
  68          static void GPIO_User_Init(void)
  69          {
  70   1              ADD1_INIT; ADD2_INIT; ADD3_INIT; ADD4_INIT;
  71   1          
  72   1          LED1_INIT; LED_WRITE(LED1, OFF);
  73   1          LED2_INIT; LED_WRITE(LED2, OFF);
  74   1          LED3_INIT; LED_WRITE(LED3, OFF);
  75   1          LED4_INIT; LED_WRITE(LED4, OFF);
  76   1      }
  77          
  78          static void Init_Timer0(void)
  79          {               //Timer0_Mode1
  80   1              clr_T0M;
  81   1              TIMER0_MODE1_ENABLE;    
  82   1              TH0 = (unsigned int)TIMER_DIV12_VALUE_1ms/256;  
  83   1              TL0 = (unsigned int)TIMER_DIV12_VALUE_1ms%256;
  84   1              set_ET0;   //enable interrupts
  85   1              set_TR0;  //Timer0 run
  86   1      }


MODULE INFORMATION:   STATIC OVERLAYABLE
   CODE SIZE        =    148    ----
   CONSTANT SIZE    =   ----    ----
   XDATA SIZE       =     10    ----
   PDATA SIZE       =   ----    ----
   DATA SIZE        =   ----    ----
   IDATA SIZE       =   ----    ----
   BIT SIZE         =      2    ----
END OF MODULE INFORMATION.


C51 COMPILATION COMPLETE.  0 WARNING(S),  0 ERROR(S)
