C51 COMPILER V9.60.0.0   TIMER                                                             05/26/2021 11:42:12 PAGE 1   


C51 COMPILER V9.60.0.0, COMPILATION OF MODULE TIMER
OBJECT MODULE PLACED IN .\Output\timer.obj
COMPILER INVOKED BY: C:\Keil_v5\C51\BIN\C51.EXE ..\Library\StdDriver\src\timer.c LARGE OPTIMIZE(8,SPEED) BROWSE INCDIR(.
                    -.\Library\DeviceDriver;..\Library\StdDriver\inc) DEFINE(FOSC_160000) DEBUG OBJECTEXTEND PRINT(.\LST\timer.lst) OBJECT(.\
                    -Output\timer.obj)

line level    source

   1          #include "timer.h"
   2          #include "Function_define.h"
   3          
   4          void Init_Timer0(void){         //Timer0_Mode1
   5   1              clr_T0M;
   6   1              //TMOD&=0xF0;   //Clear all bit Timer0
   7   1              //TMOD|=0x01;   //Set control bit:Gate = 0-Timero/Counter-2bit Mode select
   8   1              TIMER0_MODE1_ENABLE;    
   9   1              //Set Start value of counter register
  10   1              TH0 = (unsigned int)TIMER_DIV12_VALUE_1ms/256;  
  11   1        TL0 = (unsigned int)TIMER_DIV12_VALUE_1ms%256;
  12   1        set_ET0;   //enable interrupts
  13   1        set_TR0;  //Timer0 run
  14   1      }
  15          /*Timer can operate in Mode 0 - 13bit and Mode 1 - 16bit Timer/Counter - Mode 2 usually use for UART0*/
  16          /*Node: Reload value TH1 and TL1 in Timer 1interrupt*/
  17          
  18          void Init_Timer1(void){
  19   1              clr_T1M;
  20   1              //TMOD&=0x0F;   //Clear all modbit Timer1
  21   1              //TMOD|=0x10;   //Set control modbit:Gate = 0-Timero/Counter-2bit Mode select
  22   1              TIMER1_MODE1_ENABLE;  
  23   1              //Set Start value of counter register
  24   1              TH1 = (unsigned int)TIMER_DIV12_VALUE_1ms/256;
  25   1              TL1 = (unsigned int)TIMER_DIV12_VALUE_1ms%256;
  26   1              set_ET1;    //enable interrupts
  27   1              set_TR1;   //Timer1 run
  28   1      }
  29          //Max div 512, max time period 1s
  30          
  31          void Init_Timer2_AutoReload_Delay(void){
  32   1              TIMER2_DIV_512;
  33   1              
  34   1              //T2CON&=~SET_BIT0;             //AutoReload Mode
  35   1              //T2MOD|=SET_BIT7;              //Enable reload RCMP2L & RCMP2H to TH2 & TL2
  36   1              //T2MOD|=SET_BIT3               
  37   1              TIMER2_Auto_Reload_Delay_Mode;
  38   1      
  39   1              RCMP2L = TIMER_DIV512_VALUE_1s;
  40   1              RCMP2H = TIMER_DIV512_VALUE_1s>>8;
  41   1              TL2 = 0;
  42   1              TH2 = 0;
  43   1              set_ET2;        // Enable Timer2interrupt
  44   1              set_TR2;        // Timer2 run
  45   1      }
  46          void Init_Timer2_Capture_Input(void){
  47   1              P05_Input_Mode;
  48   1              P05 = 1;
  49   1              
  50   1              TIMER2_CAP0_Capture_Mode;
  51   1              IC6_P05_CAP0_FallingEdge_Capture;
  52   1              
  53   1              set_ECAP;                                   //Enable Capture interrupt
C51 COMPILER V9.60.0.0   TIMER                                                             05/26/2021 11:42:12 PAGE 2   

  54   1              set_TR2;                                    //Triger Timer2
  55   1      }
  56          void Init_Timer3(void){
  57   1              TIMER3_DIV_128;
*** ERROR C202 IN LINE 57 OF ..\Library\StdDriver\src\timer.c: 'TIMER3_DIV_128': undefined identifier
  58   1              
  59   1              RH3 = TIMER_DIV128_VALUE_100ms/256;                       //initial counter values 
  60   1        RL3 = TIMER_DIV128_VALUE_100ms%256;  
  61   1              
  62   1              set_PT3H;       set_PT3;                //Interrupt Priority Level
  63   1              
  64   1              set_ET3;
  65   1              set_TR3;
  66   1      }

C51 COMPILATION COMPLETE.  0 WARNING(S),  1 ERROR(S)
