C51 COMPILER V9.60.0.0   UART                                                              05/06/2021 10:23:58 PAGE 1   


C51 COMPILER V9.60.0.0, COMPILATION OF MODULE UART
OBJECT MODULE PLACED IN .\Output\uart.obj
COMPILER INVOKED BY: C:\Keil_v5\C51\BIN\C51.EXE ..\..\Library\StdDriver\src\uart.c LARGE OPTIMIZE(8,SPEED) BROWSE INCDIR
                    -(..\..\Library\DeviceDriver;..\..\Library\StdDriver\inc) DEFINE(FOSC_160000) DEBUG OBJECTEXTEND PRINT(.\LST\uart.lst) OB
                    -JECT(.\Output\uart.obj)

line level    source

   1          
   2          #include "uart.h"
   3          #include "Function_define.h"
   4          
   5          //----------------------------------------------------------------------------------
   6          // UART0 baud rate initial setting 
   7          //----------------------------------------------------------------------------------
   8          void InitialUART0_Timer1(unsigned long  u32Baudrate)    //T1M = 1, SMOD = 1
   9          {
  10   1              UART0_INIT_PIN;
  11   1        UART0_MODE1_ENABLE;
  12   1              UART0_DOUBLE_RATE;
  13   1              
  14   1        TIMER1_MODE2_ENABLE;
  15   1        TIMER1_CLOCK_SYS;
  16   1        UART0_USE_TIMER1_CLK;         
  17   1       
  18   1      #ifdef FOSC_160000
  19   1          TH1 = 256 - (1000000/u32Baudrate+1);               /*16 MHz */
  20   1      #endif          
  21   1      #ifdef FOSC_166000
                  TH1 = 256 - (1037500/u32Baudrate);                       /*16.6 MHz */
              #endif
  24   1              //UART0_SET_TI;                                 //For printf function must setting TI = 1
  25   1              ENABLE_UART0_INTERRUPT;                                 //Enable Serial 0 Interrupt
  26   1              TIMER1_RUN;
  27   1      }
  28          //---------------------------------------------------------------
  29          void InitialUART0_Timer3(unsigned long u32Baudrate) //use timer3 as Baudrate generator
  30          {
  31   1              UART0_INIT_PIN; 
  32   1              UART0_MODE1_ENABLE;
  33   1              UART0_DOUBLE_RATE;
  34   1              
  35   1              TIMER3_UART0_MODE;
  36   1              UART0_USE_TIMER3_CLK;
  37   1      
  38   1      #ifdef FOSC_160000
  39   1              RH3    = HIBYTE(65536 - (1000000/u32Baudrate)-1);               /*16 MHz */
  40   1              RL3    = LOBYTE(65536 - (1000000/u32Baudrate)-1);                       /*16 MHz */
  41   1      #endif
  42   1      #ifdef FOSC_166000
                RH3    = HIBYTE(65536 - (1037500/u32Baudrate));                       /*16.6 MHz */
                RL3    = LOBYTE(65536 - (1037500/u32Baudrate));                       /*16.6 MHz */
              #endif
  46   1              //UART0_SET_TI;                                  //For printf function must setting TI = 1
  47   1              ENABLE_UART0_INTERRUPT;                                 //Enable Serial 0 Interrupt
  48   1              TIMER3_RUN;         //Trigger Timer3
  49   1      }
  50          
  51          unsigned char Receive_Data_From_UART0(void)
  52          {
  53   1          unsigned char c;
C51 COMPILER V9.60.0.0   UART                                                              05/06/2021 10:23:58 PAGE 2   

  54   1          while (!RI);
  55   1          c = SBUF;
  56   1          RI = 0;
  57   1          return (c);
  58   1      }
  59          void Send_Data_To_UART0 (unsigned char c)
  60          {
  61   1          TI = 0;
  62   1          SBUF = c;
  63   1          while(TI==0);
  64   1      }
  65          
  66          //----------------------------------------------------------------------------------
  67          // UART1 baud rate initial setting 
  68          //----------------------------------------------------------------------------------
  69          void InitialUART1_Timer3(unsigned long u32Baudrate) //use timer3 as Baudrate generator
  70          {
  71   1              UART1_INIT_PIN;
  72   1              UART1_MODE1_ENABLE;   //UART1 Mode1,REN_1=1,TI_1=1
  73   1              
  74   1        TIMER3_UART1_MODE;    //clr_BRCK: UART0 use Timer1, not use Timer3
  75   1              
  76   1      #ifdef FOSC_160000
  77   1                      RH3    = HIBYTE(65536 - (1000000/u32Baudrate)-1);               /*16 MHz */
  78   1                      RL3    = LOBYTE(65536 - (1000000/u32Baudrate)-1);                       /*16 MHz */
  79   1      #endif
  80   1      #ifdef FOSC_166000
                              RH3    = HIBYTE(65536 - (1037500/u32Baudrate));                         /*16.6 MHz */
                              RL3    = LOBYTE(65536 - (1037500/u32Baudrate));                         /*16.6 MHz */
              #endif
  84   1        UART1_SET_TI;
  85   1        ENABLE_UART1_INTERRUPT;               //Enable Serial port 1 Interrupt
  86   1              TIMER3_RUN;
  87   1      }
  88          
  89          unsigned char Receive_Data_From_UART1(void)
  90          {
  91   1          unsigned char c;
  92   1          
  93   1          while (!RI_1);
  94   1          c = SBUF_1;
  95   1          RI_1 = 0;
  96   1          return (c);
  97   1      }
  98          
  99          void Send_Data_To_UART1 (unsigned char c)
 100          {
 101   1          TI_1 = 0;
 102   1          SBUF_1 = c;
 103   1          while(TI_1==0);
 104   1      }
 105          
 106          
 107          /*==========================================================================*/
 108          #ifdef SW_Reset
              void SW_Reset(void)
              {
                  TA = 0xAA;
                  TA = 0x55;
                  set_SWRST;
              }
              #endif
C51 COMPILER V9.60.0.0   UART                                                              05/06/2021 10:23:58 PAGE 3   

 116          /*==========================================================================*/


MODULE INFORMATION:   STATIC OVERLAYABLE
   CODE SIZE        =    319    ----
   CONSTANT SIZE    =   ----    ----
   XDATA SIZE       =   ----       8
   PDATA SIZE       =   ----    ----
   DATA SIZE        =   ----    ----
   IDATA SIZE       =   ----    ----
   BIT SIZE         =   ----    ----
END OF MODULE INFORMATION.


C51 COMPILATION COMPLETE.  0 WARNING(S),  0 ERROR(S)
